[2021-12-02 10:07:29] production.ERROR: file_get_contents(D:\lab\OpenServer\domains\lab7.2\.env): failed to open stream: No such file or directory {"exception":"[object] (ErrorException(code: 0): file_get_contents(D:\\lab\\OpenServer\\domains\\lab7.2\\.env): failed to open stream: No such file or directory at D:\\lab\\OpenServer\\domains\\lab7.2\\vendor\\laravel\\framework\\src\\Illuminate\\Foundation\\Console\\KeyGenerateCommand.php:96)
[stacktrace]
#0 [internal function]: Illuminate\\Foundation\\Bootstrap\\HandleExceptions->handleError()
#1 D:\\lab\\OpenServer\\domains\\lab7.2\\vendor\\laravel\\framework\\src\\Illuminate\\Foundation\\Console\\KeyGenerateCommand.php(96): file_get_contents()
#2 D:\\lab\\OpenServer\\domains\\lab7.2\\vendor\\laravel\\framework\\src\\Illuminate\\Foundation\\Console\\KeyGenerateCommand.php(80): Illuminate\\Foundation\\Console\\KeyGenerateCommand->writeNewEnvironmentFileWith()
#3 D:\\lab\\OpenServer\\domains\\lab7.2\\vendor\\laravel\\framework\\src\\Illuminate\\Foundation\\Console\\KeyGenerateCommand.php(45): Illuminate\\Foundation\\Console\\KeyGenerateCommand->setKeyInEnvironmentFile()
#4 D:\\lab\\OpenServer\\domains\\lab7.2\\vendor\\laravel\\framework\\src\\Illuminate\\Container\\BoundMethod.php(36): Illuminate\\Foundation\\Console\\KeyGenerateCommand->handle()
#5 D:\\lab\\OpenServer\\domains\\lab7.2\\vendor\\laravel\\framework\\src\\Illuminate\\Container\\Util.php(37): Illuminate\\Container\\BoundMethod::Illuminate\\Container\\{closure}()
#6 D:\\lab\\OpenServer\\domains\\lab7.2\\vendor\\laravel\\framework\\src\\Illuminate\\Container\\BoundMethod.php(93): Illuminate\\Container\\Util::unwrapIfClosure()
#7 D:\\lab\\OpenServer\\domains\\lab7.2\\vendor\\laravel\\framework\\src\\Illuminate\\Container\\BoundMethod.php(37): Illuminate\\Container\\BoundMethod::callBoundMethod()
#8 D:\\lab\\OpenServer\\domains\\lab7.2\\vendor\\laravel\\framework\\src\\Illuminate\\Container\\Container.php(596): Illuminate\\Container\\BoundMethod::call()
#9 D:\\lab\\OpenServer\\domains\\lab7.2\\vendor\\laravel\\framework\\src\\Illuminate\\Console\\Command.php(134): Illuminate\\Container\\Container->call()
#10 D:\\lab\\OpenServer\\domains\\lab7.2\\vendor\\symfony\\console\\Command\\Command.php(298): Illuminate\\Console\\Command->execute()
#11 D:\\lab\\OpenServer\\domains\\lab7.2\\vendor\\laravel\\framework\\src\\Illuminate\\Console\\Command.php(121): Symfony\\Component\\Console\\Command\\Command->run()
#12 D:\\lab\\OpenServer\\domains\\lab7.2\\vendor\\symfony\\console\\Application.php(1005): Illuminate\\Console\\Command->run()
#13 D:\\lab\\OpenServer\\domains\\lab7.2\\vendor\\symfony\\console\\Application.php(299): Symfony\\Component\\Console\\Application->doRunCommand()
#14 D:\\lab\\OpenServer\\domains\\lab7.2\\vendor\\symfony\\console\\Application.php(171): Symfony\\Component\\Console\\Application->doRun()
#15 D:\\lab\\OpenServer\\domains\\lab7.2\\vendor\\laravel\\framework\\src\\Illuminate\\Console\\Application.php(93): Symfony\\Component\\Console\\Application->run()
#16 D:\\lab\\OpenServer\\domains\\lab7.2\\vendor\\laravel\\framework\\src\\Illuminate\\Foundation\\Console\\Kernel.php(129): Illuminate\\Console\\Application->run()
#17 D:\\lab\\OpenServer\\domains\\lab7.2\\artisan(37): Illuminate\\Foundation\\Console\\Kernel->handle()
#18 {main}
"} 
